<?xml version="1.0" encoding="UTF-8"?>
<!-- Generated by org.testng.reporters.JUnitReportReporter -->
<testsuite skipped="0" hostname="dinesh" name="Day10.Helloworld" tests="1" failures="0" timestamp="20 Dec 2019 15:12:29 GMT" time="0.015" errors="0">
  <testcase name="setup" time="0.015" classname="Day10.Helloworld"/>
</testsuite> <!-- Day10.Helloworld -->
