<?xml version="1.0" encoding="UTF-8"?>
<!-- Generated by org.testng.reporters.JUnitReportReporter -->
<testsuite skipped="1" hostname="dinesh" name="day14.Extentreportclass" tests="1" failures="0" timestamp="29 Apr 2020 05:53:46 GMT" time="0.000" errors="0">
  <testcase name="generatereport" time="0.000" classname="day14.Extentreportclass">
    <skipped/>
  </testcase> <!-- generatereport -->
</testsuite> <!-- day14.Extentreportclass -->
