<?xml version="1.0" encoding="UTF-8"?>
<!-- Generated by org.testng.reporters.JUnitReportReporter -->
<testsuite skipped="0" hostname="dinesh" name="Day10.Assignment3" tests="1" failures="0" timestamp="26 Dec 2019 05:09:47 GMT" time="33.130" errors="0">
  <testcase name="setup" time="33.130" classname="Day10.Assignment3"/>
</testsuite> <!-- Day10.Assignment3 -->
