<?xml version="1.0" encoding="UTF-8"?>
<!-- Generated by org.testng.reporters.JUnitReportReporter -->
<testsuite skipped="2" hostname="dinesh" name="day13.Loginscenario" tests="2" failures="0" timestamp="29 Apr 2020 05:53:46 GMT" time="0.000" errors="0">
  <testcase name="verifypage" time="0.000" classname="day13.Loginscenario">
    <skipped/>
  </testcase> <!-- verifypage -->
  <testcase name="verifylogout" classname="day13.Loginscenario">
    <skipped/>
  </testcase> <!-- verifylogout -->
</testsuite> <!-- day13.Loginscenario -->
