<?xml version="1.0" encoding="UTF-8"?>
<!-- Generated by org.testng.reporters.JUnitReportReporter -->
<testsuite skipped="0" hostname="dinesh" name="Day12.Readconfigfile2" tests="1" failures="0" timestamp="06 Jan 2020 05:05:19 GMT" time="3.042" errors="0">
  <testcase name="excelread" time="3.042" classname="Day12.Readconfigfile2"/>
</testsuite> <!-- Day12.Readconfigfile2 -->
