<?xml version="1.0" encoding="UTF-8"?>
<!-- Generated by org.testng.reporters.JUnitReportReporter -->
<testsuite skipped="2" hostname="dinesh" name="day13.Ddtlogin" tests="2" failures="0" timestamp="29 Apr 2020 05:53:46 GMT" time="0.000" errors="0">
  <testcase name="readdata" time="0.000" classname="day13.Ddtlogin">
    <skipped/>
  </testcase> <!-- readdata -->
  <testcase name="readdata" time="0.000" classname="day13.Ddtlogin">
    <skipped/>
  </testcase> <!-- readdata -->
</testsuite> <!-- day13.Ddtlogin -->
