<?xml version="1.0" encoding="UTF-8"?>
<!-- Generated by org.testng.reporters.JUnitReportReporter -->
<testsuite skipped="0" hostname="dinesh" name="Day12.Readconfigfile" tests="1" failures="0" timestamp="06 Jan 2020 05:06:14 GMT" time="0.031" errors="0">
  <testcase name="readproperties" time="0.031" classname="Day12.Readconfigfile"/>
</testsuite> <!-- Day12.Readconfigfile -->
