<?xml version="1.0" encoding="UTF-8"?>
<!-- Generated by org.testng.reporters.JUnitReportReporter -->
<testsuite skipped="1" hostname="dinesh" name="Day10.Assignment3" tests="1" failures="0" timestamp="29 Apr 2020 05:53:46 GMT" time="0.000" errors="0">
  <testcase name="setup" time="0.000" classname="Day10.Assignment3">
    <skipped/>
  </testcase> <!-- setup -->
</testsuite> <!-- Day10.Assignment3 -->
